make.exe all -C c:\Users\Jordan\Desktop\Program_Shit\Game-Based\main_files --print-data-base --no-builtin-variables --no-builtin-rules --question
# GNU Make 4.3
# Built for Windows32
# Copyright (C) 1988-2020 Free Software Foundation, Inc.
# License GPLv3+: GNU GPL version 3 or later <http://gnu.org/licenses/gpl.html>
# This is free software: you are free to change and redistribute it.
# There is NO WARRANTY, to the extent permitted by law.
 

# Make data base, printed on Wed Sep 07 11:45:58 2022

# Variables

# environment
FPS_BROWSER_APP_PROFILE_STRING = Internet Explorer
# environment
SYSTEMDRIVE = C:
# environment
JAVA_HOME = C:\Program Files\Java\jdk-16.0.1
# environment
LC_ALL = C
# environment
_MSYS2_BASH = C:\tools\msys64\usr\bin\bash.exe
# environment
USERPROFILE = C:\Users\Jordan
# environment
VBOX_MSI_INSTALL_PATH = C:\Program Files\Oracle\VirtualBox\
# environment
LOCALAPPDATA = C:\Users\Jordan\AppData\Local
# environment
VSCODE_CWD = C:\Users\Jordan\AppData\Local\Programs\Microsoft VS Code
# environment
CHOCOLATEYINSTALL = C:\Program Files (x86)\Microsoft Visual Studio\2019\Community\MSBuild\Current\Bin
# environment
SYSTEMROOT = C:\WINDOWS
# environment
PROCESSOR_LEVEL = 23
# environment
PSMODULEPATH = C:\Program Files\WindowsPowerShell\Modules;C:\WINDOWS\system32\WindowsPowerShell\v1.0\Modules
# default
MAKE_COMMAND := make.exe
# automatic
@D = $(patsubst %/,%,$(patsubst %\,%,$(dir $@)))
# environment
CHROME_CRASHPAD_PIPE_NAME = \\.\pipe\crashpad_15428_NBUHZVKUPXYVQSKM
# environment
VS160COMCOMNTOOLS = C:\Program Files (x86)\Microsoft Visual Studio\2019\Community\Common7\Tools\
# environment
FPS_BROWSER_USER_PROFILE_STRING = Default
# environment
VSCODE_HANDLES_UNCAUGHT_ERRORS = true
# default
.VARIABLES := 
# automatic
%D = $(patsubst %/,%,$(patsubst %\,%,$(dir $%)))
# automatic
^D = $(patsubst %/,%,$(patsubst %\,%,$(dir $^)))
# automatic
%F = $(notdir $%)
# environment
VSCODE_CODE_CACHE_PATH = C:\Users\Jordan\AppData\Roaming\Code\CachedData\784b0177c56c607789f9638da7b6bf3230d47a8c
# environment
LANG = C
# default
.LOADED := 
# environment
TMP = C:\Users\Jordan\AppData\Local\Temp
# default
.INCLUDE_DIRS = .
# environment
PROCESSOR_ARCHITEW6432 = AMD64
# makefile
MAKEFLAGS = pqrRw
# environment
ONEDRIVE = C:\Users\Jordan\OneDrive
# makefile
CURDIR := c:/Users/Jordan/Desktop/Program_Shit/Game-Based/main_files
# environment
APPLICATION_INSIGHTS_NO_DIAGNOSTIC_CHANNEL = 1
# automatic
*D = $(patsubst %/,%,$(patsubst %\,%,$(dir $*)))
# environment
PROGRAMFILES = C:\Program Files (x86)
# environment
MFLAGS = -pqrRw
# default
.SHELLFLAGS := -c
# environment
COMMONPROGRAMW6432 = C:\Program Files\Common Files
# automatic
+D = $(patsubst %/,%,$(patsubst %\,%,$(dir $+)))
# makefile (from 'Makefile', line 1)
MAKEFILE_LIST := Makefile
# automatic
@F = $(notdir $@)
# environment
VSCODE_PID = 15428
# automatic
?D = $(patsubst %/,%,$(patsubst %\,%,$(dir $?)))
# automatic
*F = $(notdir $*)
# automatic
<D = $(patsubst %/,%,$(patsubst %\,%,$(dir $<)))
# environment
VSCODE_NLS_CONFIG = {"locale":"en-us","availableLanguages":{},"_languagePackSupport":true}
# environment
ONEDRIVECONSUMER = C:\Users\Jordan\OneDrive
# default
MAKE_HOST := Windows32
# environment
PROGRAMDATA = C:\ProgramData
# default
SHELL := C:/cygwin64/bin/sh.exe
# environment
HOMEPATH = \Users\Jordan
# default
MAKECMDGOALS := all
# environment
DRIVERDATA = C:\Windows\System32\Drivers\DriverData
# environment
COMSPEC = C:\WINDOWS\system32\cmd.exe
# environment
WINDIR = C:\WINDOWS
# environment
MAKELEVEL := 0
# default
MAKE = $(MAKE_COMMAND)
# environment
PATH = C:\Program Files\Common Files\Oracle\Java\javapath;C:\Program Files (x86)\Common Files\Oracle\Java\javapath;C:\Windows\system32;C:\Windows;C:\Windows\System32\Wbem;C:\Windows\System32\WindowsPowerShell\v1.0\;C:\Windows\System32\OpenSSH\;C:\Program Files (x86)\NVIDIA Corporation\PhysX\Common;C:\Program Files\Microsoft SQL Server\130\Tools\Binn\;C:\Program Files\Microsoft SQL Server\Client SDK\ODBC\170\Tools\Binn\;C:\Program Files\NVIDIA Corporation\NVIDIA NvDLISR;C:\WINDOWS\system32;C:\WINDOWS;C:\WINDOWS\System32\Wbem;C:\WINDOWS\System32\WindowsPowerShell\v1.0\;C:\WINDOWS\System32\OpenSSH\;C:\ProgramData\chocolatey\bin;A:\NodeJS\;C:\Program Files\Git\cmd;C:\Program Files\Docker\Docker\resources\bin;C:\ProgramData\DockerDesktop\version-bin;C:\Program Files (x86)\Microsoft Visual Studio\2019\Community\MSBuild\Current\Bin;C:\Program Files\dotnet\;C:\Program Files (x86)\Microsoft Visual Studio\2019\Community\MSBuild\Current\Bin\lib\make\tools\install\bin;C:\mingw64\bin;C:\Program Files (x86)\GnuWin32\bin;C:\cygwin64\bin;C:\Program Files\CMake\bin;C:\Program Files\MySQL\MySQL Shell 8.0\bin\;C:\Users\Jordan\AppData\Local\Programs\Python\Python38\Scripts\;C:\Users\Jordan\AppData\Local\Programs\Python\Python38\;C:\Users\Jordan\AppData\Local\Microsoft\WindowsApps;C:\Users\Jordan\AppData\Roaming\cabal\bin;C:\ProgramData\chocolatey\lib\ghc\tools\ghc-8.10.2\bin;C:\tools\msys64;C:\Users\Jordan\AppData\Local\GitHubDesktop\bin;C:\Program Files\Graphviz\bin;C:\Users\Jordan\AppData\Roaming\npm;C:\Users\Jordan\.dotnet\tools;C:\Users\Jordan\AppData\Local\Programs\Microsoft VS Code\bin
# environment
COMPUTERNAME = DESKTOP-5S636E9
# default
MAKEFILES := 
# automatic
^F = $(notdir $^)
# environment
_MSYS2_PREFIX = x86_64
# environment
PROMPT = $P$G
# environment
CHOCOLATEYLASTPATHUPDATE = 132430296510983569
# environment
LOGONSERVER = \\DESKTOP-5S636E9
# environment
USERNAME = Jordan
# environment
COMMONPROGRAMFILES = C:\Program Files (x86)\Common Files
# automatic
?F = $(notdir $?)
# environment
PROGRAMW6432 = C:\Program Files
# environment
PATHEXT = .COM;.EXE;.BAT;.CMD;.VBS;.VBE;.JS;.JSE;.WSF;.WSH;.MSC
# automatic
+F = $(notdir $+)
# environment
ORIGINAL_XDG_CURRENT_DESKTOP = undefined
# environment
USERDOMAIN = DESKTOP-5S636E9
# 'override' directive
GNUMAKEFLAGS := 
# environment
OS = Windows_NT
# makefile
.DEFAULT_GOAL := all
# default
MAKE_VERSION := 4.3
# environment
PROGRAMFILES(X86) = C:\Program Files (x86)
# environment
USERDOMAIN_ROAMINGPROFILE = DESKTOP-5S636E9
# environment
NUMBER_OF_PROCESSORS = 12
# environment
PUBLIC = C:\Users\Public
# environment
APPDATA = C:\Users\Jordan\AppData\Roaming
# environment
HOMEDRIVE = C:
# environment
PROCESSOR_ARCHITECTURE = x86
# environment
VSCODE_AMD_ENTRYPOINT = vs/workbench/api/node/extensionHostProcess
# environment
COMMONPROGRAMFILES(X86) = C:\Program Files (x86)\Common Files
# environment
ELECTRON_RUN_AS_NODE = 1
# environment
TEMP = C:\Users\Jordan\AppData\Local\Temp
# environment
VSCODE_IPC_HOOK = \\.\pipe\caf4b82a2d712fee4f1e03c8ed8b71fb-1.71.0-main-sock
# default
.RECIPEPREFIX := 
# automatic
<F = $(notdir $<)
# default
SUFFIXES := 
# environment
ALLUSERSPROFILE = C:\ProgramData
# environment
SESSIONNAME = Console
# default
.FEATURES := target-specific order-only second-expansion else-if shortest-stem undefine oneshell nocomment grouped-target extra-prereqs archives jobserver output-sync load
# environment
PROCESSOR_REVISION = 7100
# environment
CHOCOLATEYTOOLSLOCATION = C:\tools
# environment
PROCESSOR_IDENTIFIER = AMD64 Family 23 Model 113 Stepping 0, AuthenticAMD
# variable set hash-table stats:
# Load=98/1024=10%, Rehash=0, Collisions=9/127=7%

# Pattern-specific Variable Values

# No pattern-specific variable values.

# Directories

# . (key c:/Users/Jordan/Desktop/Program_Shit/Game-Based/main_files, mtime 1662561523): 12 files, no impossibilities.

# 12 files, no impossibilities in 1 directories.

# Implicit Rules

# No implicit rules.

# Files

# Not a target:
Makefile:
#  Implicit rule search has been done.
#  Last modified 2022-09-05 13:17:39
#  File has been updated.
#  Successfully updated.

# Not a target:
.DEFAULT:
#  Implicit rule search has not been done.
#  Modification time never checked.
#  File has not been updated.

all:
#  Command line target.
#  Implicit rule search has not been done.
#  Implicit/static pattern stem: ''
#  File does not exist.
#  File has been updated.
#  Needs to be updated (-q is set).
# automatic
# @ := all
# automatic
# * := 
# automatic
# < := 
# automatic
# + := 
# automatic
# % := 
# automatic
# ^ := 
# automatic
# ? := 
# automatic
# | := 
# variable set hash-table stats:
# Load=8/32=25%, Rehash=0, Collisions=1/11=9%
#  recipe to execute (from 'Makefile', line 2):
	g++ -I../src/Include -L../src/lib -o main main.cpp cpu.cpp bus.cpp cart.cpp ppu.cpp timer.cpp -lmingw32 -lSDL2main -lSDL2 -lSDL2_image -lSDL2_ttf

# Not a target:
.SUFFIXES:
#  Implicit rule search has not been done.
#  Modification time never checked.
#  File has not been updated.

# files hash-table stats:
# Load=4 
/1024=0%, Rehash=0, Collisions=0/16=0%
# VPATH Search Paths

# No 'vpath' search paths.

# No general ('VPATH' variable) search path.

# strcache buffers: 1 (0) / strings = 16 / storage = 179 B / avg = 11 B
# current buf: size = 8174 B / used = 179 B / count = 16 / avg = 11 B

# strcache performance: lookups = 23 / hit rate = 30%
# hash-table stats:
# Load=16/8192=0%, Rehash=0, Collisions=0/23=0%
# Finished Make data base on Wed Sep 07 11:45:58 2022

 
